INFO  01:25:24 Application started. Press Ctrl+C to shut down.
INFO  01:25:24 Application started. Press Ctrl+C to shut down.
INFO  01:25:24 Hosting environment: Development
INFO  01:25:24 Hosting environment: Development
INFO  01:25:24 Content root path: C:\Users\himanshu\source\repos\MedicineStockApi
INFO  01:25:24 Content root path: C:\Users\himanshu\source\repos\MedicineStockApi
INFO  01:25:24 Get Api Initiated
INFO  02:40:49 Application started. Press Ctrl+C to shut down.
INFO  02:40:49 Application started. Press Ctrl+C to shut down.
INFO  02:40:51 Hosting environment: Development
INFO  02:40:51 Hosting environment: Development
INFO  02:40:52 Content root path: C:\Users\himanshu\source\repos\MedicineStockApi
INFO  02:40:52 Content root path: C:\Users\himanshu\source\repos\MedicineStockApi
INFO  02:41:07 Get Api Initiated
INFO  03:53:15 Application started. Press Ctrl+C to shut down.
INFO  03:53:15 Application started. Press Ctrl+C to shut down.
INFO  03:53:15 Hosting environment: Development
INFO  03:53:15 Hosting environment: Development
INFO  03:53:15 Content root path: C:\Users\himanshu\source\repos\MedicineStockApi
INFO  03:53:15 Content root path: C:\Users\himanshu\source\repos\MedicineStockApi
INFO  03:53:19 Get Api Initiated
INFO  04:46:26 Get Api Initiated
INFO  04:50:08 Get Api Initiated
INFO  05:03:32 Get Api Initiated
INFO  05:03:40 Get Api Initiated
INFO  05:04:50 Get Api Initiated
INFO  05:06:20 Get Api Initiated
INFO  05:15:20 Get Api Initiated
INFO  05:19:03 Get Api Initiated
INFO  05:20:46 Get Api Initiated
INFO  05:33:52 Get Api Initiated
INFO  05:39:15 Get Api Initiated
INFO  05:46:11 Get Api Initiated
INFO  06:17:05 Application started. Press Ctrl+C to shut down.
INFO  06:17:06 Application started. Press Ctrl+C to shut down.
INFO  06:17:06 Hosting environment: Development
INFO  06:17:06 Hosting environment: Development
INFO  06:17:06 Content root path: F:\MFRFV1\MedicineStockApi
INFO  06:17:06 Content root path: F:\MFRFV1\MedicineStockApi
INFO  06:18:11 Application started. Press Ctrl+C to shut down.
INFO  06:18:11 Application started. Press Ctrl+C to shut down.
INFO  06:18:11 Hosting environment: Development
INFO  06:18:11 Hosting environment: Development
INFO  06:18:11 Content root path: F:\MFRFV1\MedicineStockApi
INFO  06:18:11 Content root path: F:\MFRFV1\MedicineStockApi
INFO  06:18:12 Get Api Initiated
INFO  06:21:11 Get Api Initiated
INFO  06:21:49 Get Api Initiated
INFO  09:28:26 Application started. Press Ctrl+C to shut down.
INFO  09:28:26 Application started. Press Ctrl+C to shut down.
INFO  09:28:26 Hosting environment: Development
INFO  09:28:26 Hosting environment: Development
INFO  09:28:26 Content root path: F:\MFRFV1\MedicineStockApi
INFO  09:28:26 Content root path: F:\MFRFV1\MedicineStockApi
INFO  09:28:27 Get Api Initiated
INFO  10:04:11 Get Api Initiated
INFO  10:04:34 Get Api Initiated
INFO  10:04:59 Get Api Initiated
INFO  10:05:46 Get Api Initiated
